[2016.04.22-14.43.37:950][  0]Log file open, 04/22/16 16:43:37
[2016.04.22-14.43.37:950][  0]LogInit:Display: Running engine for game: Networking
[2016.04.22-14.43.37:950][  0]LogPlatformFile: Not using cached read wrapper
[2016.04.22-14.43.37:950][  0]LogInit:Display: RandInit(1837867670) SRandInit(1837867671).
[2016.04.22-14.43.37:950][  0]LogTaskGraph: Started task graph with 4 named threads and 5 total threads.
[2016.04.22-14.43.37:950][  0]LogStats: Stats thread started at 0.075889
[2016.04.22-14.43.37:950][  0]LogInit: Version: 4.10.4-2872498+++depot+UE4-Releases+4.10
[2016.04.22-14.43.37:950][  0]LogInit: API Version: 2758231
[2016.04.22-14.43.37:950][  0]LogInit: Compiled (64-bit): Feb 18 2016 15:47:04
[2016.04.22-14.43.37:950][  0]LogInit: Compiled with Visual C++: 19.00.23026.00
[2016.04.22-14.43.37:950][  0]LogInit: Build Configuration: Development
[2016.04.22-14.43.37:950][  0]LogInit: Branch Name: ++depot+UE4-Releases+4.10
[2016.04.22-14.43.37:950][  0]LogInit: Command line:  
[2016.04.22-14.43.37:950][  0]LogInit: Base directory: C:/Program Files (x86)/Epic Games/4.10/Engine/Binaries/Win64/
[2016.04.22-14.43.37:950][  0]LogInit: Rocket: 1
[2016.04.22-14.43.37:956][  0]LogInit: Using libcurl 7.41.0
[2016.04.22-14.43.37:956][  0]LogInit:  - built for x86_64-pc-win32
[2016.04.22-14.43.37:956][  0]LogInit:  - supports SSL with WinSSL
[2016.04.22-14.43.37:956][  0]LogInit:  - other features:
[2016.04.22-14.43.37:956][  0]LogInit:      CURL_VERSION_SSL
[2016.04.22-14.43.37:956][  0]LogInit:      CURL_VERSION_IPV6
[2016.04.22-14.43.37:956][  0]LogInit:      CURL_VERSION_ASYNCHDNS
[2016.04.22-14.43.37:956][  0]LogInit:      CURL_VERSION_LARGEFILE
[2016.04.22-14.43.37:956][  0]LogInit:      CURL_VERSION_IDN
[2016.04.22-14.43.37:956][  0]LogInit:  CurlRequestOptions (configurable via config and command line):
[2016.04.22-14.43.37:956][  0]LogInit:  - bVerifyPeer = true  - Libcurl will verify peer certificate
[2016.04.22-14.43.37:956][  0]LogInit:  - bUseHttpProxy = false  - Libcurl will NOT use HTTP proxy
[2016.04.22-14.43.37:956][  0]LogInit:  - bDontReuseConnections = false  - Libcurl will reuse connections
[2016.04.22-14.43.37:956][  0]LogInit:  - CertBundlePath = nullptr  - Libcurl will use whatever was configured at build time.
[2016.04.22-14.43.37:981][  0]LogOnline:Display: STEAM: Loading Steam SDK 1.32
[2016.04.22-14.43.37:993][  0]LogOnline:Warning: STEAM: Steam API disabled!
[2016.04.22-14.43.37:993][  0]LogOnline:Display: STEAM: OnlineSubsystemSteam::Shutdown()
[2016.04.22-14.43.38:022][  0]LogInit: WinSock: version 1.1 (2.2), MaxSocks=32767, MaxUdp=65467
[2016.04.22-14.43.38:029][  0]LogVoice:Warning: Failed to initialize voice interface
[2016.04.22-14.43.38:034][  0]LogInit: Presizing for 0 objects not considered by GC, pre-allocating 0 bytes.
[2016.04.22-14.43.38:039][  0]LogInit: Object subsystem initialized
[2016.04.22-14.43.38:043][  0]LogInit: Selected Device Profile: [Windows]
[2016.04.22-14.43.38:043][  0]LogInit: Applying CVar settings loaded from the selected device profile: [Windows]
[2016.04.22-14.43.38:052][  0]LogInit: Computer: ADRIANSYOGA
[2016.04.22-14.43.38:052][  0]LogInit: User: Adrian
[2016.04.22-14.43.38:052][  0]LogInit: CPU Page size=4096, Cores=2
[2016.04.22-14.43.38:052][  0]LogInit: High frequency timer resolution =2.533200 MHz
[2016.04.22-14.43.38:052][  0]LogMemory: Memory total: Physical=7.9GB (8GB approx)
[2016.04.22-14.43.38:052][  0]LogMemory: Platform Memory Stats for Windows
[2016.04.22-14.43.38:052][  0]LogMemory: Process Physical Memory: 57.16 MB used, 57.16 MB peak
[2016.04.22-14.43.38:052][  0]LogMemory: Process Virtual Memory: 55.94 MB used, 55.94 MB peak
[2016.04.22-14.43.38:052][  0]LogMemory: Physical Memory: 4497.67 MB used, 8112.96 MB total
[2016.04.22-14.43.38:052][  0]LogMemory: Virtual Memory: 386.39 MB used, 134217728.00 MB total
[2016.04.22-14.43.38:086][  0]LogTextLocalizationManager: No translations for ('de-DE') exist, falling back to 'en' for localization and internationalization data.
[2016.04.22-14.43.38:930][  0]LogD3D11RHI: Found D3D11 adapter 0: Intel(R) HD Graphics Family (Feature Level 11_0)
[2016.04.22-14.43.38:930][  0]LogD3D11RHI: Adapter has 112MB of dedicated video memory, 0MB of dedicated system memory, and 4056MB of shared system memory, 1 output[s]
[2016.04.22-14.43.38:932][  0]LogD3D11RHI: Found D3D11 adapter 1: Microsoft Basic Render Driver (Feature Level 11_0)
[2016.04.22-14.43.38:932][  0]LogD3D11RHI: Adapter has 0MB of dedicated video memory, 0MB of dedicated system memory, and 4056MB of shared system memory, 0 output[s]
[2016.04.22-14.43.38:932][  0]LogD3D11RHI: Chosen D3D11 Adapter Id = 0
[2016.04.22-14.43.38:936][  0]LogD3D11RHI: !Direct3DDevice
[2016.04.22-14.43.38:936][  0]LogRHI: Texture pool is 1361 MB (70% of 1945 MB)
[2016.04.22-14.43.38:941][  0]LogD3D11RHI: Async texture creation enabled
[2016.04.22-14.43.38:946][  0]LogShaderCompilers: Guid format shader working directory is -10 characters bigger than the processId version (../../../../../../Users/Adrian/Documents/GitHub/Networking/Intermediate/Shaders/WorkingDirectory/224/).
[2016.04.22-14.43.38:946][  0]LogShaderCompilers: Cleaned the shader compiler working directory 'C:/Users/Adrian/AppData/Local/Temp/UnrealShaderWorkingDir/FF612DCF43357DAF90412DBA381EE48A/'.
[2016.04.22-14.43.38:946][  0]LogShaderCompilers:Display: Using Local Shader Compiler.
[2016.04.22-14.43.39:937][  0]LogTemp:Display: Loaded TP AllDesktopTargetPlatform
[2016.04.22-14.43.39:941][  0]LogTemp:Display: Loaded TP WindowsClientTargetPlatform
[2016.04.22-14.43.39:949][  0]LogTemp:Display: Loaded TP WindowsNoEditorTargetPlatform
[2016.04.22-14.43.39:955][  0]LogTemp:Display: Loaded TP WindowsServerTargetPlatform
[2016.04.22-14.43.39:962][  0]LogTemp:Display: Loaded TP WindowsTargetPlatform
[2016.04.22-14.43.39:965][  0]LogTemp:Display: Loaded TP AndroidTargetPlatform
[2016.04.22-14.43.39:968][  0]LogTemp:Display: Loaded TP Android_ASTCTargetPlatform
[2016.04.22-14.43.39:971][  0]LogTemp:Display: Loaded TP Android_ATCTargetPlatform
[2016.04.22-14.43.39:974][  0]LogTemp:Display: Loaded TP Android_DXTTargetPlatform
[2016.04.22-14.43.39:978][  0]LogTemp:Display: Loaded TP Android_ETC1TargetPlatform
[2016.04.22-14.43.39:984][  0]LogTemp:Display: Loaded TP Android_ETC2TargetPlatform
[2016.04.22-14.43.39:993][  0]LogTemp:Display: Loaded TP Android_MultiTargetPlatform
[2016.04.22-14.43.39:993][  0]LogTemp:Display: Loaded TP Android_PVRTCTargetPlatform
[2016.04.22-14.43.39:995][  0]LogTemp:Display: Loaded TP HTML5TargetPlatform
[2016.04.22-14.43.40:013][  0]LogTemp:Display: Loaded TP IOSTargetPlatform
[2016.04.22-14.43.40:017][  0]LogTemp:Display: Loaded TP LinuxNoEditorTargetPlatform
[2016.04.22-14.43.40:021][  0]LogTemp:Display: Loaded TP LinuxServerTargetPlatform
[2016.04.22-14.43.40:026][  0]LogTemp:Display: Loaded TP LinuxTargetPlatform
[2016.04.22-14.43.40:026][  0]LogTargetPlatformManager:Display: Building Assets For Windows
[2016.04.22-14.43.40:123][  0]LogDerivedDataCache:Display: Max Cache Size: 512 MB
[2016.04.22-14.43.40:181][  0]LogDerivedDataCache: Loaded boot cache 0.06s 41MB C:/Users/Adrian/AppData/Local/UnrealEngine/4.10/DerivedDataCache/Boot.ddc.
[2016.04.22-14.43.40:181][  0]LogDerivedDataCache:Display: Loaded Boot cache: C:/Users/Adrian/AppData/Local/UnrealEngine/4.10/DerivedDataCache/Boot.ddc
[2016.04.22-14.43.40:181][  0]LogDerivedDataCache: FDerivedDataBackendGraph:  Pak pak cache file ../../../../../../Users/Adrian/Documents/GitHub/Networking/DerivedDataCache/DDC.ddp not found, will not use a pak cache.
[2016.04.22-14.43.40:181][  0]LogDerivedDataCache: Unable to find inner node Pak for hierarchical cache Hierarchy.
[2016.04.22-14.43.40:181][  0]LogDerivedDataCache: FDerivedDataBackendGraph:  CompressedPak pak cache file ../../../../../../Users/Adrian/Documents/GitHub/Networking/DerivedDataCache/Compressed.ddp not found, will not use a pak cache.
[2016.04.22-14.43.40:181][  0]LogDerivedDataCache: Unable to find inner node CompressedPak for hierarchical cache Hierarchy.
[2016.04.22-14.43.40:258][  0]LogDerivedDataCache:Display: Pak cache opened for reading ../../../Engine/DerivedDataCache/Compressed.ddp.
[2016.04.22-14.43.40:270][  0]LogDerivedDataCache: Using Local data cache path C:/Users/Adrian/AppData/Local/UnrealEngine/Common/DerivedDataCache: Writable
[2016.04.22-14.43.40:505][  0]LogInit: Selected Device Profile: [Windows]
[2016.04.22-14.43.40:508][  0]LogContentStreaming: Texture pool size is 0.000000MB
[2016.04.22-14.43.40:696][  0]LogMeshUtilities: No automatic mesh reduction module available
[2016.04.22-14.43.40:696][  0]LogMeshUtilities: No automatic mesh merging module available
[2016.04.22-14.43.42:043][  0]UdpMessaging: Initializing bridge on interface 0.0.0.0:0 to multicast group 230.0.0.1:6666.
[2016.04.22-14.43.42:144][  0]LogAssetRegistry: FAssetRegistry took 0.0110 seconds to start up
[2016.04.22-14.43.42:419][  0]SourceControl: Info Source control is disabled
[2016.04.22-14.43.42:420][  0]SourceControl: Info Source control is disabled
[2016.04.22-14.43.42:438][  0]SourceControl: Info Source control is disabled
[2016.04.22-14.43.42:454][  0]SourceControl: Info Source control is disabled
[2016.04.22-14.43.42:844][  0]LogObj: 28640 objects as part of root set at end of initial load.
[2016.04.22-14.43.42:844][  0]LogUObjectAllocator: 6315720 out of 0 bytes used by permanent object pool.
[2016.04.22-14.43.42:911][  0]LogEngine: Initializing Engine...
[2016.04.22-14.43.42:914][  0]LogHMD: Can't find Oculus library dev build: is proper Runtime installed? Version: 0.8.0.0
[2016.04.22-14.43.42:914][  0]LogHMD: SteamVR failed to initialize.  Err: 110
[2016.04.22-14.43.43:032][  0]LogAIModule: Creating AISystem for world NewWorld
[2016.04.22-14.43.43:036][  0]LogInit: XAudio2 using 'Lautsprecher (Realtek High Definition Audio)' : 2 channels at 48 kHz using 32 bits per sample (channel mask 0x3)
[2016.04.22-14.43.43:050][  0]LogInit: FAudioDevice initialized.
[2016.04.22-14.43.43:072][  0]LogDerivedDataCache: Saved boot cache 0.02s 41MB C:/Users/Adrian/AppData/Local/UnrealEngine/4.10/DerivedDataCache/Boot.ddc.
[2016.04.22-14.43.43:076][  0]LogInit: Texture streaming: Enabled
[2016.04.22-14.43.43:081][  0]LogAnalytics: Creating configured Analytics provider AnalyticsET
[2016.04.22-14.43.43:081][  0]LogAnalytics: [UEEditor.Rocket.Release] APIServer = http://et2.epicgames.com/ET2/. AppVersion = 4.10.4-2872498+++depot+UE4-Releases+4.10
[2016.04.22-14.43.43:081][  0]LogAnalytics: [UEEditor.Rocket.Release] SetUserId 65474aa1416add5df47169876d9b6292|f999ca84414a43d58d3c0a0bd34a9968|8ba67a57-80de-46c8-87a5-554529f8a209
[2016.04.22-14.43.43:081][  0]LogAnalytics: [UEEditor.Rocket.Release] AnalyticsET::StartSession
[2016.04.22-14.43.43:088][  0]LogInit: Transaction tracking system initialized
[2016.04.22-14.43.43:113][  0]BlueprintLog: New page: Editor Load
[2016.04.22-14.43.43:183][  0]LocalizationService: Info Localization service is disabled
[2016.04.22-14.43.43:315][  0]LogConsoleResponse:Display: 
[2016.04.22-14.43.43:457][  0]LogCook:Display: Done creating registry. It took  0.00s.
[2016.04.22-14.43.43:537][  0]LogFileCache: Scanning file cache for directory 'C:/Users/Adrian/Documents/GitHub/Networking/Content/' took 0.01s
[2016.04.22-14.43.43:537][  0]SourceControl: Info Source control is disabled
[2016.04.22-14.43.43:537][  0]Cmd: MAP LOAD FILE="../../../../../../Users/Adrian/Documents/GitHub/Networking/Content/FirstPersonBP/Maps/FirstPersonExampleMap.umap" TEMPLATE=0 SHOWPROGRESS=1 FEATURELEVEL=3
[2016.04.22-14.43.43:538][  0]LightingResults: New page: Lighting Build
[2016.04.22-14.43.43:541][  0]MapCheck: New page: Map Check
[2016.04.22-14.43.43:541][  0]LightingResults: New page: Lighting Build
[2016.04.22-14.43.43:561][  0]LogParticles: Destroying 0 GPU particle simulations for FXSystem 0x00000177C5A4E160
[2016.04.22-14.43.43:693][  0]LogLinker:Warning: Asset '../../../../../../Users/Adrian/Documents/GitHub/Networking/Content/FirstPerson/Meshes/FirstPersonProjectileMesh.uasset' has been saved with empty engine version. The asset will be loaded but may be incompatible.
[2016.04.22-14.43.44:109][  0]LogAIModule: Creating AISystem for world FirstPersonExampleMap
[2016.04.22-14.43.44:122][  0]LogEditorServer: Finished looking for orphan Actors (0.000 secs)
[2016.04.22-14.43.44:127][  0]Cmd: MAP CHECKDEP NOCLEARLOG
[2016.04.22-14.43.44:202][  0]MapCheck: Info Map check complete: 0 Error(s), 0 Warning(s), took 75.606ms to complete.
[2016.04.22-14.43.44:203][  0]LogFileHelpers: Loading map 'FirstPersonExampleMap' took 0.666
[2016.04.22-14.43.44:335][  0]LogCollectionManager: Loaded 0 collections in 0.001380 seconds
[2016.04.22-14.43.44:379][  0]LogFileCache: Scanning file cache for directory 'C:/Users/Adrian/Documents/GitHub/Networking/Saved/Collections/' took 0.01s
[2016.04.22-14.43.44:379][  0]LogFileCache: Scanning file cache for directory 'C:/Users/Adrian/Documents/GitHub/Networking/Content/Developers/Adrian/Collections/' took 0.01s
[2016.04.22-14.43.44:379][  0]LogFileCache: Scanning file cache for directory 'C:/Users/Adrian/Documents/GitHub/Networking/Content/Collections/' took 0.01s
[2016.04.22-14.43.44:379][  0]LogCollectionManager: Rebuilt the GUID cache for 0 collections in 0.000002 seconds
[2016.04.22-14.43.44:387][  0]LogContentBrowser: Native class hierarchy populated in 0.0085 seconds. Added 1895 classes and 340 folders.
[2016.04.22-14.43.44:394][  0]LogContentBrowser: Native class hierarchy updated for 'WidgetCarousel' in 0.0005 seconds. Added 0 classes and 0 folders.
[2016.04.22-14.43.44:473][  0]LogContentBrowser: Native class hierarchy updated for 'AddContentDialog' in 0.0004 seconds. Added 0 classes and 0 folders.
[2016.04.22-14.43.44:480][  0]LogContentBrowser: Native class hierarchy updated for 'SceneOutliner' in 0.0008 seconds. Added 1 classes and 2 folders.
[2016.04.22-14.43.44:502][  0]LogCrashTracker: Crashtracker disabled due to settings.
[2016.04.22-14.43.44:515][  0]LogWindowsTextInputMethodSystem:Display: IME system now deactivated.
[2016.04.22-14.43.44:515][  0]LogWindowsTextInputMethodSystem:Display: IME system now deactivated.
[2016.04.22-14.43.44:561][  0]LogLoad: Full Startup: 7.09 seconds (BP compile: 0.11 seconds)
[2016.04.22-14.43.44:582][  0]LogOcInput: Can't find Oculus library dev build: is proper Runtime installed? Version: 0.8.0.0
[2016.04.22-14.43.44:638][  0]LogContentStreaming: Texture pool size now 1000 MB
[2016.04.22-14.43.44:803][  0]LogRenderer: Reallocating scene render targets to support 804x340 (Frame:2).
[2016.04.22-14.43.45:998][  7]LogAssetRegistry: Asset discovery search completed in 3.8646 seconds
[2016.04.22-14.43.45:998][  7]LogCollectionManager: Rebuilt the object cache for 0 collections in 0.000001 seconds (found 0 objects)
[2016.04.22-14.43.45:998][  7]LogCollectionManager: Fixed up redirectors for 0 collections in 0.000035 seconds (updated 0 objects)
[2016.04.22-14.44.00:722][358]LogBlueprintUserMessages: Early PlayInEditor Detection: Level '/Game/FirstPersonBP/Maps/FirstPersonExampleMap.FirstPersonExampleMap:PersistentLevel' has LevelScriptBlueprint '/Game/FirstPersonBP/Maps/FirstPersonExampleMap.FirstPersonExampleMap:PersistentLevel.FirstPersonExampleMap' with GeneratedClass '/Game/FirstPersonBP/Maps/FirstPersonExampleMap.FirstPersonExampleMap_C' with ClassGeneratedBy '/Game/FirstPersonBP/Maps/FirstPersonExampleMap.FirstPersonExampleMap:PersistentLevel.FirstPersonExampleMap'
[2016.04.22-14.44.00:722][358]LogPlayLevel: PlayLevel: No blueprints needed recompiling
[2016.04.22-14.44.00:724][358]PIE: New page: PIE session: FirstPersonExampleMap (Apr 22, 2016, 6:44:00 PM)
[2016.04.22-14.44.01:354][358]LogPlayLevel: Creating play world package: /Game/FirstPersonBP/Maps/UEDPIE_0_FirstPersonExampleMap
[2016.04.22-14.44.01:404][358]LogPlayLevel: PIE: StaticDuplicateObject took: (0.049865s)
[2016.04.22-14.44.01:405][358]LogAIModule: Creating AISystem for world FirstPersonExampleMap
[2016.04.22-14.44.01:405][358]LogPlayLevel: PIE: World Init took: (0.001573s)
[2016.04.22-14.44.01:406][358]LogPlayLevel: PIE: Created PIE world by copying editor world from /Game/FirstPersonBP/Maps/FirstPersonExampleMap.FirstPersonExampleMap to /Game/FirstPersonBP/Maps/UEDPIE_0_FirstPersonExampleMap.FirstPersonExampleMap (0.052361s)
[2016.04.22-14.44.01:503][358]LogInit: XAudio2 using 'Lautsprecher (Realtek High Definition Audio)' : 2 channels at 48 kHz using 32 bits per sample (channel mask 0x3)
[2016.04.22-14.44.01:518][358]LogInit: FAudioDevice initialized.
[2016.04.22-14.44.01:580][358]LogLinker:Warning: Asset '../../../../../../Users/Adrian/Documents/GitHub/Networking/Content/FirstPersonBP/Blueprints/FirstPersonHUD.uasset' has been saved with empty engine version. The asset will be loaded but may be incompatible.
[2016.04.22-14.44.01:622][358]LogWorld: Game class is 'FirstPersonGameMode_C'
[2016.04.22-14.44.01:638][358]LogWorld: Bringing World /Game/FirstPersonBP/Maps/UEDPIE_0_FirstPersonExampleMap.FirstPersonExampleMap up for play (max tick rate 60) at 2016.04.22-16.44.01
[2016.04.22-14.44.01:638][358]LogActor:Warning: GameSession /Game/FirstPersonBP/Maps/UEDPIE_0_FirstPersonExampleMap.FirstPersonExampleMap:PersistentLevel.GameSession_0 has natively added scene component(s), but none of them were set as the actor's RootComponent - picking one arbitrarily
[2016.04.22-14.44.01:639][358]LogActor:Warning: GameNetworkManager /Game/FirstPersonBP/Maps/UEDPIE_0_FirstPersonExampleMap.FirstPersonExampleMap:PersistentLevel.GameNetworkManager_0 has natively added scene component(s), but none of them were set as the actor's RootComponent - picking one arbitrarily
[2016.04.22-14.44.01:644][358]LogWorld: Bringing up level for play took: 0.014588
[2016.04.22-14.44.01:655][358]LogVoice:Warning: Failed to initialize voice interface
[2016.04.22-14.44.01:671][358]LogOnline:Warning: NULL: Can't start an online game for session (Game) that hasn't been created
[2016.04.22-14.44.01:674][358]PIE: Info Play in editor start time for /Game/FirstPersonBP/Maps/UEDPIE_0_FirstPersonExampleMap 0.439
[2016.04.22-14.44.01:674][358]LogBlueprintUserMessages: Late PlayInEditor Detection: Level '/Game/FirstPersonBP/Maps/FirstPersonExampleMap.FirstPersonExampleMap:PersistentLevel' has LevelScriptBlueprint '/Game/FirstPersonBP/Maps/FirstPersonExampleMap.FirstPersonExampleMap:PersistentLevel.FirstPersonExampleMap' with GeneratedClass '/Game/FirstPersonBP/Maps/FirstPersonExampleMap.FirstPersonExampleMap_C' with ClassGeneratedBy '/Game/FirstPersonBP/Maps/FirstPersonExampleMap.FirstPersonExampleMap:PersistentLevel.FirstPersonExampleMap'
[2016.04.22-14.44.17:823][866]LogBlueprintUserMessages: Early EndPlayMap Detection: Level '/Game/FirstPersonBP/Maps/FirstPersonExampleMap.FirstPersonExampleMap:PersistentLevel' has LevelScriptBlueprint '/Game/FirstPersonBP/Maps/FirstPersonExampleMap.FirstPersonExampleMap:PersistentLevel.FirstPersonExampleMap' with GeneratedClass '/Game/FirstPersonBP/Maps/FirstPersonExampleMap.FirstPersonExampleMap_C' with ClassGeneratedBy '/Game/FirstPersonBP/Maps/FirstPersonExampleMap.FirstPersonExampleMap:PersistentLevel.FirstPersonExampleMap'
[2016.04.22-14.44.17:886][866]LogOnline:Display: NULL: FOnlineSubsystemNull::Shutdown()
[2016.04.22-14.44.17:887][866]LogPlayLevel:Display: Shutting down PIE online subsystems
[2016.04.22-14.44.17:888][866]LogBlueprintUserMessages: Late EndPlayMap Detection: Level '/Game/FirstPersonBP/Maps/FirstPersonExampleMap.FirstPersonExampleMap:PersistentLevel' has LevelScriptBlueprint '/Game/FirstPersonBP/Maps/FirstPersonExampleMap.FirstPersonExampleMap:PersistentLevel.FirstPersonExampleMap' with GeneratedClass '/Game/FirstPersonBP/Maps/FirstPersonExampleMap.FirstPersonExampleMap_C' with ClassGeneratedBy '/Game/FirstPersonBP/Maps/FirstPersonExampleMap.FirstPersonExampleMap:PersistentLevel.FirstPersonExampleMap'
[2016.04.22-14.44.17:947][866]LogParticles: Destroying 0 GPU particle simulations for FXSystem 0x00000177E380AB60
[2016.04.22-14.44.18:004][867]LogPlayLevel:Display: Destroying online subsystem :Context_2
[2016.04.22-14.44.18:004][867]LogOnline:Display: NULL: FOnlineSubsystemNull::Shutdown()
[2016.04.22-14.44.46:385][578]LogBlueprintUserMessages: Early PlayInEditor Detection: Level '/Game/FirstPersonBP/Maps/FirstPersonExampleMap.FirstPersonExampleMap:PersistentLevel' has LevelScriptBlueprint '/Game/FirstPersonBP/Maps/FirstPersonExampleMap.FirstPersonExampleMap:PersistentLevel.FirstPersonExampleMap' with GeneratedClass '/Game/FirstPersonBP/Maps/FirstPersonExampleMap.FirstPersonExampleMap_C' with ClassGeneratedBy '/Game/FirstPersonBP/Maps/FirstPersonExampleMap.FirstPersonExampleMap:PersistentLevel.FirstPersonExampleMap'
[2016.04.22-14.44.46:385][578]LogPlayLevel: PlayLevel: No blueprints needed recompiling
[2016.04.22-14.44.46:388][578]PIE: New page: PIE session: FirstPersonExampleMap (Apr 22, 2016, 6:44:46 PM)
[2016.04.22-14.44.46:388][578]LogPlayLevel: Creating play world package: /Game/FirstPersonBP/Maps/UEDPIE_1_FirstPersonExampleMap
[2016.04.22-14.44.46:430][578]LogPlayLevel: PIE: StaticDuplicateObject took: (0.041969s)
[2016.04.22-14.44.46:432][578]LogAIModule: Creating AISystem for world FirstPersonExampleMap
[2016.04.22-14.44.46:432][578]LogPlayLevel: PIE: World Init took: (0.001328s)
[2016.04.22-14.44.46:432][578]LogPlayLevel: PIE: Created PIE world by copying editor world from /Game/FirstPersonBP/Maps/FirstPersonExampleMap.FirstPersonExampleMap to /Game/FirstPersonBP/Maps/UEDPIE_1_FirstPersonExampleMap.FirstPersonExampleMap (0.043650s)
[2016.04.22-14.44.46:477][578]LogInit: XAudio2 using 'Lautsprecher (Realtek High Definition Audio)' : 2 channels at 48 kHz using 32 bits per sample (channel mask 0x3)
[2016.04.22-14.44.46:491][578]LogInit: FAudioDevice initialized.
[2016.04.22-14.44.46:538][578]LogWorld: Game class is 'FirstPersonGameMode_C'
[2016.04.22-14.44.46:546][578]LogWorld: Bringing World /Game/FirstPersonBP/Maps/UEDPIE_1_FirstPersonExampleMap.FirstPersonExampleMap up for play (max tick rate 60) at 2016.04.22-16.44.46
[2016.04.22-14.44.46:549][578]LogActor:Warning: GameSession /Game/FirstPersonBP/Maps/UEDPIE_1_FirstPersonExampleMap.FirstPersonExampleMap:PersistentLevel.GameSession_1 has natively added scene component(s), but none of them were set as the actor's RootComponent - picking one arbitrarily
[2016.04.22-14.44.46:549][578]LogActor:Warning: GameNetworkManager /Game/FirstPersonBP/Maps/UEDPIE_1_FirstPersonExampleMap.FirstPersonExampleMap:PersistentLevel.GameNetworkManager_1 has natively added scene component(s), but none of them were set as the actor's RootComponent - picking one arbitrarily
[2016.04.22-14.44.46:549][578]LogWorld: Bringing up level for play took: 0.011133
[2016.04.22-14.44.46:561][578]LogVoice:Warning: Failed to initialize voice interface
[2016.04.22-14.44.46:566][578]LogInit: WinSock: Socket queue 131072 / 131072
[2016.04.22-14.44.46:566][578]LogInit: WinSock: I am AdriansYoga (10.143.141.186:0)
[2016.04.22-14.44.46:567][578]LogNet: GameNetDriver IpNetDriver_0 IpNetDriver listening on port 7777
[2016.04.22-14.44.46:567][578]LogOnline:Warning: NULL: Can't start an online game for session (Game) that hasn't been created
[2016.04.22-14.44.46:568][578]PIE: Info Play in editor start time for /Game/FirstPersonBP/Maps/UEDPIE_1_FirstPersonExampleMap -0.667
[2016.04.22-14.44.46:569][578]PIE: New page: PIE session: FirstPersonExampleMap (Apr 22, 2016, 6:44:46 PM)
[2016.04.22-14.44.46:657][578]LogNet: Browse: 127.0.0.1//Game/FirstPersonBP/Maps/FirstPersonExampleMap
[2016.04.22-14.44.46:657][578]LogInit: WinSock: Socket queue 32768 / 32768
[2016.04.22-14.44.46:658][578]LogNet: Game client on port 7777, rate 10000
[2016.04.22-14.44.46:658][578]LogNet: GetLocalNetworkVersion: GEngineNetVersion: 2872498, ProjectName: networking, ProjectVersion: 1.0.0.0, InternalProtocolVersion: 9, LocalNetworkVersion: 198268219
[2016.04.22-14.44.46:686][578]PIE: Info Play in editor start time for /Game/FirstPersonBP/Maps/FirstPersonExampleMap -0.549
[2016.04.22-14.44.46:687][578]LogBlueprintUserMessages: Late PlayInEditor Detection: Level '/Game/FirstPersonBP/Maps/FirstPersonExampleMap.FirstPersonExampleMap:PersistentLevel' has LevelScriptBlueprint '/Game/FirstPersonBP/Maps/FirstPersonExampleMap.FirstPersonExampleMap:PersistentLevel.FirstPersonExampleMap' with GeneratedClass '/Game/FirstPersonBP/Maps/FirstPersonExampleMap.FirstPersonExampleMap_C' with ClassGeneratedBy '/Game/FirstPersonBP/Maps/FirstPersonExampleMap.FirstPersonExampleMap:PersistentLevel.FirstPersonExampleMap'
[2016.04.22-14.44.46:688][578]LogNet: NotifyAcceptingConnection: Server FirstPersonExampleMap accept
[2016.04.22-14.44.46:688][578]LogNet: Open FirstPersonExampleMap 04/22/16 16:44:46 127.0.0.1
[2016.04.22-14.44.46:689][578]LogNet: Added client connection.  Remote address = 127.0.0.1:61624
[2016.04.22-14.44.46:691][578]LogNet: NotifyAcceptingChannel Control 0 server World /Game/FirstPersonBP/Maps/UEDPIE_1_FirstPersonExampleMap.FirstPersonExampleMap: Accepted
[2016.04.22-14.44.46:691][578]LogNet: Remote platform little endian=1
[2016.04.22-14.44.46:691][578]LogNet: This platform little endian=1
[2016.04.22-14.44.46:691][578]LogNet: GetLocalNetworkVersion: GEngineNetVersion: 2872498, ProjectName: networking, ProjectVersion: 1.0.0.0, InternalProtocolVersion: 9, LocalNetworkVersion: 198268219
[2016.04.22-14.44.46:706][578]LogVoice:Warning: Failed to initialize voice interface
[2016.04.22-14.44.46:815][579]LogNet: Login request: /Game/FirstPersonBP/Maps/FirstPersonExampleMap?Name=AdriansYoga-CDD2631C4CDE2FFC58784089277D9B3D userId: AdriansYoga-CDD2631C4CDE2FFC58784089277D9B3D
[2016.04.22-14.44.46:819][579]LogNet: Welcomed by server (Level: /Game/FirstPersonBP/Maps/UEDPIE_1_FirstPersonExampleMap, Game: /Game/FirstPersonBP/Blueprints/FirstPersonGameMode.FirstPersonGameMode_C)
[2016.04.22-14.44.46:819][579]LogLoad: LoadMap: 127.0.0.1//Game/FirstPersonBP/Maps/UEDPIE_1_FirstPersonExampleMap?game=/Game/FirstPersonBP/Blueprints/FirstPersonGameMode.FirstPersonGameMode_C
[2016.04.22-14.44.46:854][579]LogParticles: Destroying 0 GPU particle simulations for FXSystem 0x00000177E82671A0
[2016.04.22-14.44.46:855][579]Cmd: MEM
[2016.04.22-14.44.46:897][579]LogMemory: Platform Memory Stats for Windows
[2016.04.22-14.44.46:897][579]LogMemory: Process Physical Memory: 1154.39 MB used, 1171.57 MB peak
[2016.04.22-14.44.46:897][579]LogMemory: Process Virtual Memory: 1316.21 MB used, 1316.21 MB peak
[2016.04.22-14.44.46:897][579]LogMemory: Physical Memory: 5347.81 MB used, 8112.96 MB total
[2016.04.22-14.44.46:897][579]LogMemory: Virtual Memory: 2112.02 MB used, 134217728.00 MB total
[2016.04.22-14.44.46:897][579]LogMemory: 
[2016.04.22-14.44.46:897][579]Allocator Stats for TBB: (not implemented)
[2016.04.22-14.44.46:938][579]LogWorld: PIE: Copying PIE streaming level from /Game/FirstPersonBP/Maps/FirstPersonExampleMap.FirstPersonExampleMap to /Game/FirstPersonBP/Maps/UEDPIE_2_FirstPersonExampleMap.FirstPersonExampleMap. OwningWorld: None
[2016.04.22-14.44.46:939][579]LogAIModule: Creating AISystem for world FirstPersonExampleMap
[2016.04.22-14.44.46:949][579]LogWorld: Bringing World /Game/FirstPersonBP/Maps/UEDPIE_2_FirstPersonExampleMap.FirstPersonExampleMap up for play (max tick rate 60) at 2016.04.22-16.44.46
[2016.04.22-14.44.46:949][579]LogWorld: Bringing up level for play took: 0.008574
[2016.04.22-14.44.47:038][580]LogNet: Client netspeed is 10000
[2016.04.22-14.44.47:038][580]LogNet: Join request: /Game/FirstPersonBP/Maps/FirstPersonExampleMap?Name=AdriansYoga-CDD2631C4CDE2FFC58784089277D9B3D?SplitscreenCount=1
[2016.04.22-14.44.47:039][580]LogOnline:Warning: NULL: No game present to join for session (Game)
[2016.04.22-14.44.47:054][580]LogRenderer: Reallocating scene render targets to support 1280x704 (Frame:1576).
[2016.04.22-14.44.47:054][580]LogNet: Join succeeded: AdriansYoga-CDD2631C
[2016.04.22-14.44.47:279][581]LogOnline:Warning: NULL: No game present to join for session (Game)
[2016.04.22-14.44.47:281][581]LogOnline:Warning: NULL: No game present to join for session (Game)
[2016.04.22-14.45.10:444][785]LogBlueprintUserMessages: Early EndPlayMap Detection: Level '/Game/FirstPersonBP/Maps/FirstPersonExampleMap.FirstPersonExampleMap:PersistentLevel' has LevelScriptBlueprint '/Game/FirstPersonBP/Maps/FirstPersonExampleMap.FirstPersonExampleMap:PersistentLevel.FirstPersonExampleMap' with GeneratedClass '/Game/FirstPersonBP/Maps/FirstPersonExampleMap.FirstPersonExampleMap_C' with ClassGeneratedBy '/Game/FirstPersonBP/Maps/FirstPersonExampleMap.FirstPersonExampleMap:PersistentLevel.FirstPersonExampleMap'
[2016.04.22-14.45.10:479][785]LogOnline:Display: NULL: FOnlineSubsystemNull::Shutdown()
[2016.04.22-14.45.10:480][785]LogOnline:Warning: NULL: No game present to leave for session (Game)
[2016.04.22-14.45.10:480][785]LogSpawn:Warning: SpawnActor failed because we are in the process of tearing down the world
[2016.04.22-14.45.10:519][785]LogOnline:Display: NULL: FOnlineSubsystemNull::Shutdown()
[2016.04.22-14.45.10:520][785]LogPlayLevel:Display: Shutting down PIE online subsystems
[2016.04.22-14.45.10:520][785]LogBlueprintUserMessages: Late EndPlayMap Detection: Level '/Game/FirstPersonBP/Maps/FirstPersonExampleMap.FirstPersonExampleMap:PersistentLevel' has LevelScriptBlueprint '/Game/FirstPersonBP/Maps/FirstPersonExampleMap.FirstPersonExampleMap:PersistentLevel.FirstPersonExampleMap' with GeneratedClass '/Game/FirstPersonBP/Maps/FirstPersonExampleMap.FirstPersonExampleMap_C' with ClassGeneratedBy '/Game/FirstPersonBP/Maps/FirstPersonExampleMap.FirstPersonExampleMap:PersistentLevel.FirstPersonExampleMap'
[2016.04.22-14.45.10:555][785]LogNet: UChannel::CleanUp: [GameNetDriver] [None] [None]. ChIndex == 0. Closing connection.
[2016.04.22-14.45.10:555][785]LogNet: UNetConnection::Close: Name: IpConnection_1, Driver: GameNetDriver IpNetDriver_0, PC: None, Owner: None, Channels: 2, RemoteAddr: 127.0.0.1:61624, Time: 2016.04.22-14.45.10
[2016.04.22-14.45.10:555][785]LogNet: UChannel::Close: Sending CloseBunch. ChIndex == 0. Name: ControlChannel_1
[2016.04.22-14.45.10:556][785]LogNet: UChannel::CleanUp: [GameNetDriver] [None] [None]. ChIndex == 0. Closing connection.
[2016.04.22-14.45.10:556][785]LogNet: UNetConnection::Close: Name: IpConnection_0, Driver: GameNetDriver IpNetDriver_1, PC: None, Owner: None, Channels: 2, RemoteAddr: 127.0.0.1:7777, Time: 2016.04.22-14.45.10
[2016.04.22-14.45.10:556][785]LogNet: UChannel::Close: Sending CloseBunch. ChIndex == 0. Name: ControlChannel_0
[2016.04.22-14.45.10:561][785]LogExit: GameNetDriver None shut down
[2016.04.22-14.45.10:561][785]LogExit: GameNetDriver None shut down
[2016.04.22-14.45.10:562][785]LogParticles: Destroying 0 GPU particle simulations for FXSystem 0x00000177E5ABD800
[2016.04.22-14.45.10:581][786]LogParticles: Destroying 0 GPU particle simulations for FXSystem 0x00000177E821E3E0
[2016.04.22-14.45.10:760][786]LogPlayLevel:Display: Destroying online subsystem :Context_4
[2016.04.22-14.45.10:760][786]LogOnline:Display: NULL: FOnlineSubsystemNull::Shutdown()
[2016.04.22-14.45.10:760][786]LogPlayLevel:Display: Destroying online subsystem :Context_3
[2016.04.22-14.45.10:760][786]LogOnline:Display: NULL: FOnlineSubsystemNull::Shutdown()
[2016.04.22-14.46.37:801][  5]SourceControl: Info On branch master
[2016.04.22-14.46.37:801][  5]SourceControl: Info Your branch is up-to-date with 'origin/master'.
[2016.04.22-14.46.37:801][  5]SourceControl: Info Untracked files:
[2016.04.22-14.46.37:801][  5]SourceControl: Info   (use "git add <file>..." to include in what will be committed)
[2016.04.22-14.46.37:801][  5]SourceControl: Info 	Intermediate/
[2016.04.22-14.46.37:801][  5]SourceControl: Info 	Saved/
[2016.04.22-14.46.37:801][  5]SourceControl: Info nothing added to commit but untracked files present (use "git add" to track)
[2016.04.22-14.46.53:122][345]LogActorFactory: Actor Factory created Cube
[2016.04.22-14.46.53:690][357]LogActorFactory: Actor Factory created Cube
[2016.04.22-14.47.10:299][607]LogSavePackage: Save=4915.473145ms
[2016.04.22-14.47.10:299][607]LogSavePackage: Moving '../../../../../../Users/Adrian/Documents/GitHub/Networking/Saved/FirstPersonExampleMap59C4C4784A4FE5E85D832B98B7C9F389.tmp' to '../../../../../../Users/Adrian/Documents/GitHub/Networking/Content/FirstPersonBP/Maps/FirstPersonExampleMap.umap'
[2016.04.22-14.47.10:307][607]LogSavePackage: Total save time: 4951.684825ms
[2016.04.22-14.47.10:307][607]LogSavePackage:Display: Finished SavePackage ../../../../../../Users/Adrian/Documents/GitHub/Networking/Content/FirstPersonBP/Maps/FirstPersonExampleMap.umap
[2016.04.22-14.47.12:352][652]LogWindowsTextInputMethodSystem:Display: IME system now deactivated.
[2016.04.22-14.47.12:353][652]LogWindowsTextInputMethodSystem:Display: IME system now deactivated.
[2016.04.22-14.47.12:641][653]Cmd: QUIT_EDITOR
[2016.04.22-14.47.13:441][653]LogExit: Preparing to exit.
[2016.04.22-14.47.14:372][653]LogExit: Editor shut down
[2016.04.22-14.47.14:373][653]LogExit: Transaction tracking system shut down
[2016.04.22-14.47.14:382][653]LogParticles: Destroying 0 GPU particle simulations for FXSystem 0x00000177B72E6980
[2016.04.22-14.47.14:384][653]LogParticles: Destroying 0 GPU particle simulations for FXSystem 0x00000177CB7116C0
[2016.04.22-14.47.14:387][653]LogParticles: Destroying 0 GPU particle simulations for FXSystem 0x00000177B4C78E00
[2016.04.22-14.47.14:688][653]LogParticles: Destroying 0 GPU particle simulations for FXSystem 0x00000177E3923D80
[2016.04.22-14.47.14:688][653]LogExit: Object subsystem successfully closed.
[2016.04.22-14.47.14:703][653]LogD3D11RHI: Shutdown
[2016.04.22-14.47.14:703][653]LogD3D11RHI: CleanupD3DDevice
[2016.04.22-14.47.14:873][653]LogD3D11RHI: ~FD3D11DynamicRHI
[2016.04.22-14.47.14:893][653]LogModuleManager: Shutting down and abandoning module CookingStats (202)
[2016.04.22-14.47.14:893][653]LogModuleManager: Shutting down and abandoning module CrashTracker (201)
[2016.04.22-14.47.14:893][653]LogModuleManager: Shutting down and abandoning module SceneOutliner (200)
[2016.04.22-14.47.14:893][653]LogModuleManager: Shutting down and abandoning module SuperSearch (199)
[2016.04.22-14.47.14:893][653]LogModuleManager: Shutting down and abandoning module WidgetCarousel (198)
[2016.04.22-14.47.14:893][653]LogModuleManager: Shutting down and abandoning module AddContentDialog (197)
[2016.04.22-14.47.14:894][653]LogModuleManager: Shutting down and abandoning module EditorWidgets (196)
[2016.04.22-14.47.14:894][653]LogModuleManager: Shutting down and abandoning module CollectionManager (195)
[2016.04.22-14.47.14:895][653]LogModuleManager: Shutting down and abandoning module StatsViewer (194)
[2016.04.22-14.47.14:895][653]LogModuleManager: Shutting down and abandoning module FoliageEdit (193)
[2016.04.22-14.47.14:895][653]LogModuleManager: Shutting down and abandoning module LandscapeEditor (192)
[2016.04.22-14.47.14:895][653]LogModuleManager: Shutting down and abandoning module ActorPickerMode (191)
[2016.04.22-14.47.14:895][653]LogModuleManager: Shutting down and abandoning module GeometryMode (190)
[2016.04.22-14.47.14:895][653]LogModuleManager: Shutting down and abandoning module TextureAlignMode (189)
[2016.04.22-14.47.14:895][653]LogModuleManager: Shutting down and abandoning module BspMode (188)
[2016.04.22-14.47.14:895][653]LogModuleManager: Shutting down and abandoning module PlacementMode (187)
[2016.04.22-14.47.14:895][653]LogModuleManager: Shutting down and abandoning module AutomationWorker (186)
[2016.04.22-14.47.14:895][653]LogModuleManager: Shutting down and abandoning module CharacterAI (185)
[2016.04.22-14.47.14:895][653]LogModuleManager: Shutting down and abandoning module SmartSnapping (184)
[2016.04.22-14.47.14:895][653]LogModuleManager: Shutting down and abandoning module ViewportSnapping (183)
[2016.04.22-14.47.14:895][653]LogModuleManager: Shutting down and abandoning module LogVisualizer (182)
[2016.04.22-14.47.14:895][653]LogModuleManager: Shutting down and abandoning module GameProjectGeneration (181)
[2016.04.22-14.47.14:895][653]LogModuleManager: Shutting down and abandoning module IntroTutorials (180)
[2016.04.22-14.47.14:895][653]LogModuleManager: Shutting down and abandoning module EditorLiveStreaming (179)
[2016.04.22-14.47.14:895][653]LogModuleManager: Shutting down and abandoning module IOSPlatformEditor (178)
[2016.04.22-14.47.14:895][653]LogModuleManager: Shutting down and abandoning module HTML5PlatformEditor (177)
[2016.04.22-14.47.14:895][653]LogModuleManager: Shutting down and abandoning module AndroidDeviceDetection (176)
[2016.04.22-14.47.15:329][653]LogModuleManager: Shutting down and abandoning module AndroidPlatformEditor (175)
[2016.04.22-14.47.15:330][653]LogModuleManager: Shutting down and abandoning module IOSRuntimeSettings (174)
[2016.04.22-14.47.15:330][653]LogModuleManager: Shutting down and abandoning module AndroidRuntimeSettings (173)
[2016.04.22-14.47.15:330][653]LogModuleManager: Shutting down and abandoning module MergeActors (172)
[2016.04.22-14.47.15:330][653]LogModuleManager: Shutting down and abandoning module SizeMap (171)
[2016.04.22-14.47.15:330][653]LogModuleManager: Shutting down and abandoning module TreeMap (170)
[2016.04.22-14.47.15:330][653]LogModuleManager: Shutting down and abandoning module ReferenceViewer (169)
[2016.04.22-14.47.15:330][653]LogModuleManager: Shutting down and abandoning module LocalizationService (168)
[2016.04.22-14.47.15:330][653]LogModuleManager: Shutting down and abandoning module LocalizationDashboard (167)
[2016.04.22-14.47.15:330][653]LogModuleManager: Shutting down and abandoning module HardwareTargeting (166)
[2016.04.22-14.47.15:330][653]LogModuleManager: Shutting down and abandoning module DeviceProfileEditor (165)
[2016.04.22-14.47.15:330][653]LogModuleManager: Shutting down and abandoning module UndoHistory (164)
[2016.04.22-14.47.15:330][653]LogModuleManager: Shutting down and abandoning module GameplayTagsEditor (163)
[2016.04.22-14.47.15:330][653]LogModuleManager: Shutting down and abandoning module UserFeedback (162)
[2016.04.22-14.47.15:330][653]LogModuleManager: Shutting down and abandoning module XmlParser (161)
[2016.04.22-14.47.15:330][653]LogModuleManager: Shutting down and abandoning module Blutility (160)
[2016.04.22-14.47.15:330][653]LogModuleManager: Shutting down and abandoning module ProjectTargetPlatformEditor (159)
[2016.04.22-14.47.15:330][653]LogModuleManager: Shutting down and abandoning module ProjectSettingsViewer (158)
[2016.04.22-14.47.15:330][653]LogModuleManager: Shutting down and abandoning module InputBindingEditor (157)
[2016.04.22-14.47.15:331][653]LogModuleManager: Shutting down and abandoning module EditorSettingsViewer (156)
[2016.04.22-14.47.15:331][653]LogModuleManager: Shutting down and abandoning module SettingsEditor (155)
[2016.04.22-14.47.15:331][653]LogModuleManager: Shutting down and abandoning module ProjectLauncher (154)
[2016.04.22-14.47.15:331][653]LogModuleManager: Shutting down and abandoning module SessionFrontend (153)
[2016.04.22-14.47.15:331][653]LogModuleManager: Shutting down and abandoning module ProfilerClient (152)
[2016.04.22-14.47.15:331][653]LogModuleManager: Shutting down and abandoning module TargetDeviceServices (151)
[2016.04.22-14.47.15:331][653]LogModuleManager: Shutting down and abandoning module DeviceManager (150)
[2016.04.22-14.47.15:331][653]LogModuleManager: Shutting down and abandoning module AutomationController (149)
[2016.04.22-14.47.15:331][653]LogModuleManager: Shutting down and abandoning module AutomationWindow (148)
[2016.04.22-14.47.15:331][653]LogModuleManager: Shutting down and abandoning module Layers (147)
[2016.04.22-14.47.15:332][653]LogModuleManager: Shutting down and abandoning module ComponentVisualizers (146)
[2016.04.22-14.47.15:332][653]LogModuleManager: Shutting down and abandoning module DetailCustomizations (145)
[2016.04.22-14.47.15:332][653]LogModuleManager: Shutting down and abandoning module PackagesDialog (144)
[2016.04.22-14.47.15:332][653]LogModuleManager: Shutting down and abandoning module Persona (143)
[2016.04.22-14.47.15:332][653]LogModuleManager: Shutting down and abandoning module Kismet (142)
[2016.04.22-14.47.15:332][653]LogModuleManager: Shutting down and abandoning module GraphEditor (141)
[2016.04.22-14.47.15:332][653]LogModuleManager: Shutting down and abandoning module ClassViewer (140)
[2016.04.22-14.47.15:332][653]LogModuleManager: Shutting down and abandoning module Toolbox (139)
[2016.04.22-14.47.15:332][653]LogModuleManager: Shutting down and abandoning module ModuleUI (138)
[2016.04.22-14.47.15:332][653]LogModuleManager: Shutting down and abandoning module MovieSceneTools (137)
[2016.04.22-14.47.15:333][653]LogModuleManager: Shutting down and abandoning module OutputLog (136)
[2016.04.22-14.47.15:333][653]LogModuleManager: Shutting down and abandoning module GammaUI (135)
[2016.04.22-14.47.15:333][653]LogModuleManager: Shutting down and abandoning module Documentation (134)
[2016.04.22-14.47.15:333][653]LogModuleManager: Shutting down and abandoning module GameLiveStreaming (133)
[2016.04.22-14.47.15:333][653]LogModuleManager: Shutting down and abandoning module StreamingPauseRendering (132)
[2016.04.22-14.47.15:333][653]LogModuleManager: Shutting down and abandoning module AnalyticsET (131)
[2016.04.22-14.47.15:333][653]LogModuleManager: Shutting down and abandoning module Analytics (130)
[2016.04.22-14.47.15:333][653]LogModuleManager: Shutting down and abandoning module AITestSuite (129)
[2016.04.22-14.47.15:333][653]LogModuleManager: Shutting down and abandoning module GameplayDebugger (128)
[2016.04.22-14.47.15:333][653]LogModuleManager: Shutting down and abandoning module AIModule (127)
[2016.04.22-14.47.15:333][653]LogModuleManager: Shutting down and abandoning module ProfilerService (126)
[2016.04.22-14.47.15:410][653]LogModuleManager: Shutting down and abandoning module TaskGraph (125)
[2016.04.22-14.47.15:410][653]LogModuleManager: Shutting down and abandoning module SlateRemote (124)
[2016.04.22-14.47.15:410][653]LogModuleManager: Shutting down and abandoning module SteamVRController (123)
[2016.04.22-14.47.15:410][653]LogModuleManager: Shutting down and abandoning module SteamVR (122)
[2016.04.22-14.47.15:410][653]LogModuleManager: Shutting down and abandoning module ProceduralMeshComponent (121)
[2016.04.22-14.47.15:410][653]LogModuleManager: Shutting down and abandoning module OculusLibrary (120)
[2016.04.22-14.47.15:410][653]LogModuleManager: Shutting down and abandoning module OculusInput (119)
[2016.04.22-14.47.15:410][653]LogModuleManager: Shutting down and abandoning module LeapMotionController (118)
[2016.04.22-14.47.15:488][653]LogModuleManager: Shutting down and abandoning module CustomMeshComponent (117)
[2016.04.22-14.47.15:488][653]LogModuleManager: Shutting down and abandoning module CableComponent (116)
[2016.04.22-14.47.15:488][653]LogModuleManager: Shutting down and abandoning module ArchVisCharacter (115)
[2016.04.22-14.47.15:488][653]LogModuleManager: Shutting down and abandoning module MessagingDebugger (114)
[2016.04.22-14.47.15:488][653]LogModuleManager: Shutting down and abandoning module MediaPlayerEditor (113)
[2016.04.22-14.47.15:488][653]LogModuleManager: Shutting down and abandoning module HTML5Networking (112)
[2016.04.22-14.47.15:488][653]LogModuleManager: Shutting down and abandoning module SpeedTreeImporter (111)
[2016.04.22-14.47.15:488][653]LogModuleManager: Shutting down and abandoning module PluginBrowser (110)
[2016.04.22-14.47.15:488][653]LogModuleManager: Shutting down and abandoning module EpicSurvey (109)
[2016.04.22-14.47.15:488][653]LogModuleManager: Shutting down and abandoning module DesktopPlatform (108)
[2016.04.22-14.47.15:488][653]LogModuleManager: Shutting down and abandoning module VisualStudioSourceCodeAccess (107)
[2016.04.22-14.47.15:488][653]LogModuleManager: Shutting down and abandoning module UObjectPlugin (106)
[2016.04.22-14.47.15:488][653]LogModuleManager: Shutting down and abandoning module SubversionSourceControl (105)
[2016.04.22-14.47.15:488][653]LogModuleManager: Shutting down and abandoning module PerforceSourceControl (104)
[2016.04.22-14.47.15:488][653]LogModuleManager: Shutting down and abandoning module SourceControl (103)
[2016.04.22-14.47.15:488][653]LogModuleManager: Shutting down and abandoning module GitSourceControl (102)
[2016.04.22-14.47.15:488][653]LogModuleManager: Shutting down and abandoning module LightPropagationVolumeEditor (101)
[2016.04.22-14.47.15:488][653]LogModuleManager: Shutting down and abandoning module PaperTiledImporter (100)
[2016.04.22-14.47.15:488][653]LogModuleManager: Shutting down and abandoning module PaperSpriteSheetImporter (99)
[2016.04.22-14.47.15:488][653]LogModuleManager: Shutting down and abandoning module MeshPaint (98)
[2016.04.22-14.47.15:489][653]LogModuleManager: Shutting down and abandoning module SlateReflector (97)
[2016.04.22-14.47.15:489][653]LogModuleManager: Shutting down and abandoning module HotReload (96)
[2016.04.22-14.47.15:489][653]LogModuleManager: Shutting down and abandoning module MainFrame (95)
[2016.04.22-14.47.15:489][653]LogModuleManager: Shutting down and abandoning module LevelEditor (94)
[2016.04.22-14.47.15:490][653]LogModuleManager: Shutting down and abandoning module DirectoryWatcher (93)
[2016.04.22-14.47.15:492][653]LogModuleManager: Shutting down and abandoning module AssetRegistry (92)
[2016.04.22-14.47.15:678][653]LogModuleManager: Shutting down and abandoning module ContentBrowser (91)
[2016.04.22-14.47.15:682][653]LogModuleManager: Shutting down and abandoning module Paper2DEditor (90)
[2016.04.22-14.47.15:682][653]LogModuleManager: Shutting down and abandoning module UdpMessaging (89)
[2016.04.22-14.47.15:783][653]LogModuleManager: Shutting down and abandoning module LightPropagationVolumeRuntime (88)
[2016.04.22-14.47.15:783][653]LogModuleManager: Shutting down and abandoning module Paper2D (87)
[2016.04.22-14.47.15:783][653]LogModuleManager: Shutting down and abandoning module WindowsMoviePlayer (86)
[2016.04.22-14.47.15:795][653]LogModuleManager: Shutting down and abandoning module Media (85)
[2016.04.22-14.47.15:795][653]LogModuleManager: Shutting down and abandoning module WmfMedia (84)
[2016.04.22-14.47.15:795][653]LogModuleManager: Shutting down and abandoning module OnlineBlueprintSupport (83)
[2016.04.22-14.47.15:795][653]LogModuleManager: Shutting down and abandoning module GameplayTasksEditor (82)
[2016.04.22-14.47.15:795][653]LogModuleManager: Shutting down and abandoning module PropertyEditor (81)
[2016.04.22-14.47.15:795][653]LogModuleManager: Shutting down and abandoning module BehaviorTreeEditor (80)
[2016.04.22-14.47.15:795][653]LogModuleManager: Shutting down and abandoning module FunctionalTesting (79)
[2016.04.22-14.47.15:795][653]LogModuleManager: Shutting down and abandoning module CollisionAnalyzer (78)
[2016.04.22-14.47.15:795][653]LogModuleManager: Shutting down and abandoning module WorkspaceMenuStructure (77)
[2016.04.22-14.47.15:795][653]LogModuleManager: Shutting down and abandoning module MessageLog (76)
[2016.04.22-14.47.15:795][653]LogModuleManager: Shutting down and abandoning module Sequencer (75)
[2016.04.22-14.47.15:796][653]LogModuleManager: Shutting down and abandoning module AssetTools (74)
[2016.04.22-14.47.15:796][653]LogModuleManager: Shutting down and abandoning module UMGEditor (73)
[2016.04.22-14.47.15:796][653]LogModuleManager: Shutting down and abandoning module UMG (72)
[2016.04.22-14.47.15:796][653]LogModuleManager: Shutting down and abandoning module Slate (71)
[2016.04.22-14.47.15:796][653]LogModuleManager: Shutting down and abandoning module EditorStyle (70)
[2016.04.22-14.47.15:803][653]LogModuleManager: Shutting down and abandoning module SessionServices (69)
[2016.04.22-14.47.15:803][653]LogModuleManager: Shutting down and abandoning module SourceCodeAccess (68)
[2016.04.22-14.47.15:803][653]LogModuleManager: Shutting down and abandoning module HeadMountedDisplay (67)
[2016.04.22-14.47.15:803][653]LogModuleManager: Shutting down and abandoning module XAudio2 (66)
[2016.04.22-14.47.15:803][653]LogModuleManager: Shutting down and abandoning module Networking (65)
[2016.04.22-14.47.15:803][653]LogModuleManager: Shutting down and abandoning module Core (64)
[2016.04.22-14.47.15:803][653]LogModuleManager: Shutting down and abandoning module KismetCompiler (63)
[2016.04.22-14.47.15:803][653]LogModuleManager: Shutting down and abandoning module PhysXFormats (62)
[2016.04.22-14.47.15:803][653]LogModuleManager: Shutting down and abandoning module MeshUtilities (61)
[2016.04.22-14.47.15:803][653]LogModuleManager: Shutting down and abandoning module DerivedDataCache (60)
[2016.04.22-14.47.15:870][653]LogDerivedDataCache: Shutdown
[2016.04.22-14.47.15:870][653]LogModuleManager: Shutting down and abandoning module ShaderFormatOpenGL (59)
[2016.04.22-14.47.15:870][653]LogModuleManager: Shutting down and abandoning module ShaderFormatD3D (58)
[2016.04.22-14.47.15:870][653]LogModuleManager: Shutting down and abandoning module MetalShaderFormat (57)
[2016.04.22-14.47.15:870][653]LogModuleManager: Shutting down and abandoning module TextureFormatUncompressed (56)
[2016.04.22-14.47.15:870][653]LogModuleManager: Shutting down and abandoning module TextureFormatPVR (55)
[2016.04.22-14.47.15:870][653]LogModuleManager: Shutting down and abandoning module TextureFormatIntelISPCTexComp (54)
[2016.04.22-14.47.15:870][653]LogModuleManager: Shutting down and abandoning module TextureFormatDXT (53)
[2016.04.22-14.47.15:870][653]LogModuleManager: Shutting down and abandoning module ImageWrapper (52)
[2016.04.22-14.47.15:870][653]LogModuleManager: Shutting down and abandoning module TextureFormatASTC (51)
[2016.04.22-14.47.15:870][653]LogModuleManager: Shutting down and abandoning module TextureFormatAndroid (50)
[2016.04.22-14.47.15:870][653]LogModuleManager: Shutting down and abandoning module AudioFormatOpus (49)
[2016.04.22-14.47.15:870][653]LogModuleManager: Shutting down and abandoning module AudioFormatOgg (48)
[2016.04.22-14.47.15:870][653]LogModuleManager: Shutting down and abandoning module AudioFormatADPCM (47)
[2016.04.22-14.47.15:870][653]LogModuleManager: Shutting down and abandoning module LinuxTargetPlatform (46)
[2016.04.22-14.47.15:871][653]LogModuleManager: Shutting down and abandoning module LinuxServerTargetPlatform (45)
[2016.04.22-14.47.15:871][653]LogModuleManager: Shutting down and abandoning module LinuxNoEditorTargetPlatform (44)
[2016.04.22-14.47.15:871][653]LogModuleManager: Shutting down and abandoning module Messaging (43)
[2016.04.22-14.47.15:871][653]LogModuleManager: Shutting down and abandoning module IOSTargetPlatform (42)
[2016.04.22-14.47.15:871][653]LogModuleManager: Shutting down and abandoning module HTML5TargetPlatform (41)
[2016.04.22-14.47.15:871][653]LogModuleManager: Shutting down and abandoning module Android_PVRTCTargetPlatform (40)
[2016.04.22-14.47.15:871][653]LogModuleManager: Shutting down and abandoning module Android_MultiTargetPlatform (39)
[2016.04.22-14.47.15:871][653]LogModuleManager: Shutting down and abandoning module Android_ETC2TargetPlatform (38)
[2016.04.22-14.47.15:871][653]LogModuleManager: Shutting down and abandoning module Android_ETC1TargetPlatform (37)
[2016.04.22-14.47.15:871][653]LogModuleManager: Shutting down and abandoning module Android_DXTTargetPlatform (36)
[2016.04.22-14.47.15:871][653]LogModuleManager: Shutting down and abandoning module Android_ATCTargetPlatform (35)
[2016.04.22-14.47.15:871][653]LogModuleManager: Shutting down and abandoning module Android_ASTCTargetPlatform (34)
[2016.04.22-14.47.15:871][653]LogModuleManager: Shutting down and abandoning module AndroidTargetPlatform (33)
[2016.04.22-14.47.15:871][653]LogModuleManager: Shutting down and abandoning module WindowsTargetPlatform (32)
[2016.04.22-14.47.15:871][653]LogModuleManager: Shutting down and abandoning module WindowsServerTargetPlatform (31)
[2016.04.22-14.47.15:871][653]LogModuleManager: Shutting down and abandoning module WindowsNoEditorTargetPlatform (30)
[2016.04.22-14.47.15:871][653]LogModuleManager: Shutting down and abandoning module WindowsClientTargetPlatform (29)
[2016.04.22-14.47.15:871][653]LogModuleManager: Shutting down and abandoning module AllDesktopTargetPlatform (28)
[2016.04.22-14.47.15:871][653]LogModuleManager: Shutting down and abandoning module TargetPlatform (27)
[2016.04.22-14.47.15:871][653]LogModuleManager: Shutting down and abandoning module InputCore (26)
[2016.04.22-14.47.15:871][653]LogModuleManager: Shutting down and abandoning module Settings (25)
[2016.04.22-14.47.15:871][653]LogModuleManager: Shutting down and abandoning module Voice (23)
[2016.04.22-14.47.15:874][653]LogModuleManager: Shutting down and abandoning module OnlineSubsystem (19)
[2016.04.22-14.47.15:875][653]LogOnline:Display: NULL: FOnlineSubsystemNull::Shutdown()
[2016.04.22-14.47.15:926][653]LogOnline:Display: Unloading online subsystem: STEAM
[2016.04.22-14.47.15:928][653]LogOnline:Display: Unloading online subsystem: Null
[2016.04.22-14.47.15:928][653]LogModuleManager: Shutting down and abandoning module HTTP (18)
[2016.04.22-14.47.17:950][653]LogModuleManager: Shutting down and abandoning module XMPP (17)
[2016.04.22-14.47.17:950][653]LogModuleManager: Shutting down and abandoning module OculusRift (16)
[2016.04.22-14.47.17:950][653]LogModuleManager: Shutting down and abandoning module ExampleDeviceProfileSelector (15)
[2016.04.22-14.47.17:950][653]LogModuleManager: Shutting down and abandoning module TextureCompressor (14)
[2016.04.22-14.47.17:950][653]LogModuleManager: Shutting down and abandoning module ShaderCore (13)
[2016.04.22-14.47.17:950][653]LogModuleManager: Shutting down and abandoning module Landscape (12)
[2016.04.22-14.47.17:950][653]LogModuleManager: Shutting down and abandoning module SlateRHIRenderer (11)
[2016.04.22-14.47.17:951][653]LogModuleManager: Shutting down and abandoning module OpenGLDrv (10)
[2016.04.22-14.47.17:951][653]LogModuleManager: Shutting down and abandoning module D3D11RHI (9)
[2016.04.22-14.47.17:951][653]LogModuleManager: Shutting down and abandoning module AnimGraphRuntime (8)
[2016.04.22-14.47.17:951][653]LogModuleManager: Shutting down and abandoning module Renderer (7)
[2016.04.22-14.47.17:951][653]LogModuleManager: Shutting down and abandoning module Engine (6)
[2016.04.22-14.47.17:951][653]LogModuleManager: Shutting down and abandoning module CoreUObject (5)
[2016.04.22-14.47.17:951][653]LogModuleManager: Shutting down and abandoning module NetworkFile (4)
[2016.04.22-14.47.17:951][653]LogModuleManager: Shutting down and abandoning module StreamingFile (3)
[2016.04.22-14.47.17:951][653]LogModuleManager: Shutting down and abandoning module SandboxFile (2)
[2016.04.22-14.47.17:951][653]LogModuleManager: Shutting down and abandoning module PakFile (1)
[2016.04.22-14.47.17:954][653]LogExit: Exiting.
[2016.04.22-14.47.17:972][653]Log file closed, 04/22/16 16:47:17
